<?xml version="1.0" encoding="UTF-8"?>
<!-- Generated by org.testng.reporters.JUnitReportReporter -->
<testsuite hostname="DESKTOP-6J303DO" failures="0" tests="1" name="com.SauceDemo.testClass.TC04_VerifyAllProductFunctionality" time="7.591" errors="0" timestamp="2022-10-19T00:20:18 IST" skipped="0">
  <testcase classname="com.SauceDemo.testClass.TC04_VerifyAllProductFunctionality" name="verifyAllProductFunctionality" time="7.591"/>
  <system-out/>
</testsuite> <!-- com.SauceDemo.testClass.TC04_VerifyAllProductFunctionality -->
