<?xml version="1.0" encoding="UTF-8"?>
<!-- Generated by org.testng.reporters.JUnitReportReporter -->
<testsuite hostname="DESKTOP-6J303DO" failures="0" tests="1" name="com.SauceDemo.testClass.TC03_VerifyBagAddToCartFunctionality" time="8.228" errors="0" timestamp="2022-10-19T00:20:18 IST" skipped="0">
  <testcase classname="com.SauceDemo.testClass.TC03_VerifyBagAddToCartFunctionality" name="VerifyBagAddToCartFunctionality" time="8.228"/>
  <system-out/>
</testsuite> <!-- com.SauceDemo.testClass.TC03_VerifyBagAddToCartFunctionality -->
