<?xml version="1.0" encoding="UTF-8"?>
<!-- Generated by org.testng.reporters.JUnitReportReporter -->
<testsuite hostname="DESKTOP-6J303DO" failures="0" tests="1" name="com.SauceDemo.testClass.TC02_VerifyLogOutFunctionality" time="9.354" errors="0" timestamp="2022-10-19T00:20:18 IST" skipped="0">
  <testcase classname="com.SauceDemo.testClass.TC02_VerifyLogOutFunctionality" name="verifyLogOutFunctionality" time="9.354"/>
  <system-out/>
</testsuite> <!-- com.SauceDemo.testClass.TC02_VerifyLogOutFunctionality -->
