<?xml version="1.0" encoding="UTF-8"?>
<!-- Generated by org.testng.reporters.JUnitReportReporter -->
<testsuite hostname="DESKTOP-6J303DO" failures="0" tests="1" name="com.SauceDemo.testClass.TC01_VerifyLoginFunctionality" time="9.860" errors="0" timestamp="2022-10-19T00:20:18 IST" skipped="0">
  <testcase classname="com.SauceDemo.testClass.TC01_VerifyLoginFunctionality" name="verifyLoginFunctionality" time="9.860"/>
  <system-out/>
</testsuite> <!-- com.SauceDemo.testClass.TC01_VerifyLoginFunctionality -->
